Performing C SOURCE FILE Test CMAKE_HAVE_LIBC_PTHREAD failed with the following output:
Change Dir: /workspaces/burgercoin/CMakeFiles/CMakeTmp

Run Build Command(s):/usr/bin/make cmTC_d9755/fast && /usr/bin/make -f CMakeFiles/cmTC_d9755.dir/build.make CMakeFiles/cmTC_d9755.dir/build
make[1]: Entering directory '/workspaces/burgercoin/CMakeFiles/CMakeTmp'
Building C object CMakeFiles/cmTC_d9755.dir/src.c.o
/usr/bin/cc   -std=c11  -Wall -Wextra -Wpointer-arith -Wundef -Wvla -Wwrite-strings -Werror -Wno-error=extra -Wno-error=unused-function -Wno-error=deprecated-declarations -Wno-error=sign-compare -Wno-error=strict-aliasing -Wno-error=type-limits -Wno-unused-parameter -Wno-error=unused-variable -Wno-error=undef -Wno-error=uninitialized -Wno-error=unused-result -Wlogical-op -Wno-error=maybe-uninitialized -Wno-error=clobbered -Wno-error=unused-but-set-variable -Wno-error=odr -Waggregate-return -Wnested-externs -Wold-style-definition -Wstrict-prototypes -march=native -maes -DCMAKE_HAVE_LIBC_PTHREAD   -o CMakeFiles/cmTC_d9755.dir/src.c.o   -c /workspaces/burgercoin/CMakeFiles/CMakeTmp/src.c
Linking C executable cmTC_d9755
/usr/bin/cmake -E cmake_link_script CMakeFiles/cmTC_d9755.dir/link.txt --verbose=1
/usr/bin/cc  -std=c11  -Wall -Wextra -Wpointer-arith -Wundef -Wvla -Wwrite-strings -Werror -Wno-error=extra -Wno-error=unused-function -Wno-error=deprecated-declarations -Wno-error=sign-compare -Wno-error=strict-aliasing -Wno-error=type-limits -Wno-unused-parameter -Wno-error=unused-variable -Wno-error=undef -Wno-error=uninitialized -Wno-error=unused-result -Wlogical-op -Wno-error=maybe-uninitialized -Wno-error=clobbered -Wno-error=unused-but-set-variable -Wno-error=odr -Waggregate-return -Wnested-externs -Wold-style-definition -Wstrict-prototypes -march=native -maes -DCMAKE_HAVE_LIBC_PTHREAD    -rdynamic CMakeFiles/cmTC_d9755.dir/src.c.o  -o cmTC_d9755 
/usr/bin/ld: CMakeFiles/cmTC_d9755.dir/src.c.o: in function `main':
src.c:(.text+0x46): undefined reference to `pthread_create'
/usr/bin/ld: src.c:(.text+0x52): undefined reference to `pthread_detach'
/usr/bin/ld: src.c:(.text+0x63): undefined reference to `pthread_join'
collect2: error: ld returned 1 exit status
make[1]: *** [CMakeFiles/cmTC_d9755.dir/build.make:87: cmTC_d9755] Error 1
make[1]: Leaving directory '/workspaces/burgercoin/CMakeFiles/CMakeTmp'
make: *** [Makefile:121: cmTC_d9755/fast] Error 2


Source file was:
#include <pthread.h>

void* test_func(void* data)
{
  return data;
}

int main(void)
{
  pthread_t thread;
  pthread_create(&thread, NULL, test_func, NULL);
  pthread_detach(thread);
  pthread_join(thread, NULL);
  pthread_atfork(NULL, NULL, NULL);
  pthread_exit(NULL);

  return 0;
}

Determining if the function pthread_create exists in the pthreads failed with the following output:
Change Dir: /workspaces/burgercoin/CMakeFiles/CMakeTmp

Run Build Command(s):/usr/bin/make cmTC_09b3f/fast && /usr/bin/make -f CMakeFiles/cmTC_09b3f.dir/build.make CMakeFiles/cmTC_09b3f.dir/build
make[1]: Entering directory '/workspaces/burgercoin/CMakeFiles/CMakeTmp'
Building C object CMakeFiles/cmTC_09b3f.dir/CheckFunctionExists.c.o
/usr/bin/cc   -std=c11  -Wall -Wextra -Wpointer-arith -Wundef -Wvla -Wwrite-strings -Werror -Wno-error=extra -Wno-error=unused-function -Wno-error=deprecated-declarations -Wno-error=sign-compare -Wno-error=strict-aliasing -Wno-error=type-limits -Wno-unused-parameter -Wno-error=unused-variable -Wno-error=undef -Wno-error=uninitialized -Wno-error=unused-result -Wlogical-op -Wno-error=maybe-uninitialized -Wno-error=clobbered -Wno-error=unused-but-set-variable -Wno-error=odr -Waggregate-return -Wnested-externs -Wold-style-definition -Wstrict-prototypes -march=native -maes -DCHECK_FUNCTION_EXISTS=pthread_create   -o CMakeFiles/cmTC_09b3f.dir/CheckFunctionExists.c.o   -c /usr/share/cmake-3.16/Modules/CheckFunctionExists.c
Linking C executable cmTC_09b3f
/usr/bin/cmake -E cmake_link_script CMakeFiles/cmTC_09b3f.dir/link.txt --verbose=1
/usr/bin/cc  -std=c11  -Wall -Wextra -Wpointer-arith -Wundef -Wvla -Wwrite-strings -Werror -Wno-error=extra -Wno-error=unused-function -Wno-error=deprecated-declarations -Wno-error=sign-compare -Wno-error=strict-aliasing -Wno-error=type-limits -Wno-unused-parameter -Wno-error=unused-variable -Wno-error=undef -Wno-error=uninitialized -Wno-error=unused-result -Wlogical-op -Wno-error=maybe-uninitialized -Wno-error=clobbered -Wno-error=unused-but-set-variable -Wno-error=odr -Waggregate-return -Wnested-externs -Wold-style-definition -Wstrict-prototypes -march=native -maes -DCHECK_FUNCTION_EXISTS=pthread_create    -rdynamic CMakeFiles/cmTC_09b3f.dir/CheckFunctionExists.c.o  -o cmTC_09b3f  -lpthreads 
/usr/bin/ld: cannot find -lpthreads
collect2: error: ld returned 1 exit status
make[1]: *** [CMakeFiles/cmTC_09b3f.dir/build.make:87: cmTC_09b3f] Error 1
make[1]: Leaving directory '/workspaces/burgercoin/CMakeFiles/CMakeTmp'
make: *** [Makefile:121: cmTC_09b3f/fast] Error 2



